KCPSM6 Assembler log file for program 'C:\Users\itzel\OneDrive\Documentos\Cdigos\Reto\reto_final\kcpsm6\your_program.psm'.
Generated by KCPSM6 version v2.70
Ken Chapman - Xilinx Ltd - 16th May 2014

Assembly datestamp: 14 Mar 2024
Assembly timestamp: 08:21:17

Contents
  Assembly listing
  List of PSM files
  List of CONSTANTs
  List of TABLEs
  List of STRINGs
  List of line labels
  Instruction usage statistics


Last occupied address: 031 hex
Nominal program memory size: 1K (1024)   address(9:0)
Actual memory size: 4096
  (Default memory size)
Occupied memory locations: 50
Memory locations available: 4046


Assembly listing

 Addr Code                  Instruction

 000                        CONSTANT PuertoBoton, 00
 000                        CONSTANT PuertoLeeListoTX, 11
 000                        CONSTANT PuertoEscribeDatoTX, 12
 000                        NAMEREG s7, boton
 000                        NAMEREG s5, DatoSerial
 000                        NAMEREG s6, EstadoTX
 000                        ADDRESS 000
 000                  loop: 
 000  09700                 INPUT s7[boton], 00[PuertoBoton]
 001  0370F                 AND s7[boton], 0F
 002                        ;1 0 0 0
 002  1D708                 COMPARE s7[boton], 08
 003  3200F                 JUMP Z, 00F[Izquierda]
 004                        ;0 0 0 1
 004  1D701                 COMPARE s7[boton], 01
 005  32012                 JUMP Z, 012[Derecha]
 006                        ;0 1 0 0
 006  1D704                 COMPARE s7[boton], 04
 007  32015                 JUMP Z, 015[Arriba]
 008                        ;0 0 1 0
 008  1D702                 COMPARE s7[boton], 02
 009  32018                 JUMP Z, 018[Abajo]
 00A                        ;0 1 0 1
 00A  1D705                 COMPARE s7[boton], 05
 00B  3201B                 JUMP Z, 01B[DiagDer]
 00C                        ;1 1 0 0
 00C  1D70C                 COMPARE s7[boton], 0C
 00D  3201E                 JUMP Z, 01E[DiagIzq]
 00E  22021                 JUMP 021[salidaDefault]
 00F             Izquierda: 
 00F  01541                 LOAD s5[DatoSerial], 41["A"]
 010  20024                 CALL 024[tx_uart]
 011  22000                 JUMP 000[loop]
 012               Derecha: 
 012  01544                 LOAD s5[DatoSerial], 44["D"]
 013  20024                 CALL 024[tx_uart]
 014  22000                 JUMP 000[loop]
 015                Arriba: 
 015  01557                 LOAD s5[DatoSerial], 57["W"]
 016  20024                 CALL 024[tx_uart]
 017  22000                 JUMP 000[loop]
 018                 Abajo: 
 018  01553                 LOAD s5[DatoSerial], 53["S"]
 019  20024                 CALL 024[tx_uart]
 01A  22000                 JUMP 000[loop]
 01B               DiagDer: 
 01B  01545                 LOAD s5[DatoSerial], 45["E"]
 01C  20024                 CALL 024[tx_uart]
 01D  22000                 JUMP 000[loop]
 01E               DiagIzq: 
 01E  01551                 LOAD s5[DatoSerial], 51["Q"]
 01F  20024                 CALL 024[tx_uart]
 020  22000                 JUMP 000[loop]
 021         salidaDefault: 
 021  0152E                 LOAD s5[DatoSerial], 2E["."]
 022  20024                 CALL 024[tx_uart]
 023  22000                 JUMP 000[loop]
 024               tx_uart: 
 024  09611                 INPUT s6[EstadoTX], 11[PuertoLeeListoTX]
 025  1D601                 COMPARE s6[EstadoTX], 01
 026  32024                 JUMP Z, 024[tx_uart]
 027  2D512                 OUTPUT s5[DatoSerial], 12[PuertoEscribeDatoTX]
 028  2002A                 CALL 02A[delay]
 029  25000                 RETURN 
 02A                 delay: 
 02A  01217                 LOAD s2, 17
 02B  011D7                 LOAD s1, D7
 02C  01084                 LOAD s0, 84
 02D            delay_loop: 
 02D  19001                 SUB s0, 01[1'd]
 02E  1B100                 SUBCY s1, 00[0'd]
 02F  1B200                 SUBCY s2, 00[0'd]
 030  3602D                 JUMP NZ, 02D[delay_loop]
 031  25000                 RETURN 


All unused memory locations contain zero (equivalent to 'LOAD s0, s0')



List of PSM files that have been assembled

C:\Users\itzel\OneDrive\Documentos\Cdigos\Reto\reto_final\kcpsm6\your_program.psm



List of defined constants

 CONSTANT name       Value        Source PSM File

 timestamp_hours     08'd         
 timestamp_minutes   21'd         
 timestamp_seconds   17'd         
 datestamp_year      24'd         
 datestamp_month     3'd          
 datestamp_day       14'd         
 NUL                 00           
 BEL                 07           
 BS                  08           
 HT                  09           
 LF                  0A           
 VT                  0B           
 CR                  0D           
 ESC                 1B           
 DEL                 7F           
 DCS                 90           
 ST                  9C           
 PuertoBoton         00           your_program.psm
 PuertoLeeListoTX    11           your_program.psm
 PuertoEscribeDatoTX 12           your_program.psm



No TABLEs defined



List of text strings

 STRING name       String         Source PSM File

 KCPSM6_version$   "v2.70"        
 datestamp$        "14 Mar 2024"  
 timestamp$        "08:21:17"     



List of line labels

   Label           Addr  Source PSM File

   loop            000   your_program.psm
   Izquierda       00F   your_program.psm
   Derecha         012   your_program.psm
   Arriba          015   your_program.psm
   Abajo           018   your_program.psm
   DiagDer         01B   your_program.psm
   DiagIzq         01E   your_program.psm
   salidaDefault   021   your_program.psm
   tx_uart         024   your_program.psm
   delay           02A   your_program.psm
   delay_loop      02D   your_program.psm



Instruction usage statistics

 Instruction    Instances

 LOAD             10
 STAR              -

 AND               1
 OR                -
 XOR               -

 ADD               -
 ADDCY             -
 SUB               1
 SUBCY             2

 TEST              -
 TESTCY            -
 COMPARE           7
 COMPARECY         -

 SL0               -
 SL1               -
 SLX               -
 SLA               -
 RL                -
 SR0               -
 SR1               -
 SRX               -
 SRA               -
 RR                -

 REGBANK           -

 INPUT             2
 OUTPUT            1
 OUTPUTK           -

 STORE             -
 FETCH             -

 DISABLE           -
 ENABLE            -
 RETURNI           -

 JUMP             16
 JUMP@             -
 CALL              8
 CALL@             -
 RETURN            2
 LOAD&RETURN       -

 HWBUILD           -



End of KCPSM6 log file.
